<?xml version="1.0" encoding="UTF-8"?>
<!-- Generated by org.testng.reporters.JUnitReportReporter -->
<testsuite hostname="DESKTOP-VJ2ITIN" failures="0" tests="3" name="rahulshettyacademy.tests.SubmitOrderTest" time="23.869" errors="0" timestamp="2025-01-06T21:38:57 IST" skipped="0">
  <testcase classname="rahulshettyacademy.tests.SubmitOrderTest" name="submitOrder" time="9.327"/>
  <testcase classname="rahulshettyacademy.tests.SubmitOrderTest" name="submitOrder" time="8.728"/>
  <testcase classname="rahulshettyacademy.tests.SubmitOrderTest" name="orderHistoryTest" time="5.814"/>
</testsuite> <!-- rahulshettyacademy.tests.SubmitOrderTest -->
